20221014	09:47:47	7d39c7c8-5783-4d15-a7d5-a4cdcc6159f9	GET	/	undefined
20221014	09:47:47	a7518d6f-27a1-4329-85e4-2f8cee5ad66a	GET	/favicon.ico	undefined
20221014	09:48:36	ec53ceab-82ff-4015-9669-35c3e867c596	GET	/	undefined
20221014	09:48:49	6d2b4d3d-d932-46c6-a143-219b317283e6	GET	/	undefined
20221014	09:49:16	bc143253-c4b2-4e12-a5e5-f77ba5bbdbc4	GET	/	undefined
20221014	09:49:16	10fcf433-0375-488b-aa01-a0e43bb12f1a	GET	/css/style.css	undefined
20221014	09:51:55	fdd5f6cc-a757-4ceb-a966-57d4252cf80c	GET	/	undefined
20221014	09:51:55	a0e589d0-f85c-493c-b1a3-fbb7d5dd4daa	GET	/css/style.css	undefined
20221014	09:52:37	95764c8a-a693-4ad4-9499-815a262f631e	GET	/	undefined
20221014	09:52:37	d9b871b5-ef1c-465d-86d3-d4e362e971c6	GET	/css/style.css	undefined
20221014	10:57:31	042f8568-74d5-48e3-be78-cbab5ad1a392	POST	/users	undefined
20221014	10:58:19	494f5b62-a83a-460c-a4b9-438dcd92c724	POST	/users	undefined
20221014	10:59:00	78d0a536-3ac5-4ffd-b7e9-a427f20d8c62	POST	/users	undefined
20221014	10:59:53	ef3d66ed-9859-409f-b524-8a1251ceeff4	POST	/users	undefined
20221014	11:00:02	7a8617ab-1889-4b5d-96cb-4a9e949a048c	POST	/users	undefined
20221014	11:00:25	e9c396ea-6d27-47c6-999d-f3c85eb050a8	POST	/users	undefined
20221014	11:23:06	86d30f04-b46f-4458-af97-726bd670f4ea	GET	/users	undefined
20221014	11:24:27	0a112c1e-437a-4df4-bf9e-08f02acc495f	POST	/products	undefined
20221014	11:24:33	dc80b028-b9e6-408b-9403-e7ebb31f507f	GET	/products	undefined
20221014	11:25:02	c91398a6-3d8d-4799-8619-36414dd83bc4	POST	/products	undefined
20221014	11:25:10	f7ca28ef-df0a-4604-957f-eef49cfce803	POST	/products	undefined
20221014	11:25:23	649a1bcc-c914-4228-aa74-e3620e9b7d68	POST	/products	undefined
20221014	11:25:25	bcd15d6d-beef-4748-8932-948619173147	POST	/products	undefined
20221014	11:25:32	0341b6d5-4a1a-4001-9dcd-b321a08ab39a	GET	/products	undefined
20221014	11:25:41	3e46afc9-1f03-494d-bd3f-4707f18ed0b1	GET	/products	undefined
20221014	11:25:47	ea0fb80c-9104-458f-9e8b-eb0d8d93219d	GET	/products	undefined
20221014	11:25:53	33d457a5-e3d4-483e-abe4-d06468e15b59	GET	/products	undefined
20221014	11:25:59	12f9ce5a-11b6-46e1-aa93-c3c1072c8b13	GET	/products	undefined
20221014	11:26:05	78e10312-e1c1-4428-9f0c-eba44873f4b9	GET	/products	undefined
20221014	11:26:12	f8bdaa1d-256a-48e7-a095-deda50c61817	GET	/products	undefined
20221014	11:26:21	ffcd1230-db51-459c-ae14-71dea0558cb4	POST	/products	undefined
20221014	11:26:28	0ecfad2b-fc6d-4c2d-80e9-44ab5fe29de0	GET	/products	undefined
20221014	11:26:38	cadfc104-dd00-4528-8ba7-0a4029168384	GET	/products	undefined
20221014	11:26:46	3476822d-0100-4187-bf83-ad2b5c2d05f7	GET	/products	undefined
20221014	11:26:56	c6dd7b3e-c095-4990-a0dd-7b1b31d32713	GET	/products	undefined
20221014	11:27:16	cc13ff3e-796d-4d3d-84dc-a098972e206c	POST	/products	undefined
20221014	11:27:24	856c53a6-d59b-45c4-aae2-7800bb103415	POST	/products	undefined
20221014	11:27:30	87987d99-b4de-4d53-a110-c0e9fdb49071	POST	/products	undefined
20221014	11:27:36	c727c0a4-ed89-4071-a1c6-d08a5b8bcfcb	POST	/products	undefined
20221014	11:27:42	473a2355-7a2d-43e0-8506-2ae19231b2c8	POST	/products	undefined
20221014	11:27:47	5f26a8c5-4058-43e0-811b-a6fe7d7190cc	GET	/products	undefined
20221014	11:27:53	257f9095-e03e-4bb3-8e8a-515e7d735b2f	GET	/products	undefined
20221014	11:27:56	cf5f6c7c-4425-4c9c-9b53-b591c4239939	POST	/products	undefined
